<?xml version="1.0" encoding="UTF-8"?>
<!-- Generated by org.testng.reporters.JUnitReportReporter -->
<testsuite hostname="DESKTOP-H21MM63" name="testng.TestNGBrowserDemo" tests="1" failures="0" timestamp="29 Mar 2021 14:05:59 GMT" time="15.567" errors="0">
  <testcase name="invoke" time="15.567" classname="testng.TestNGBrowserDemo"/>
</testsuite> <!-- testng.TestNGBrowserDemo -->
