<?xml version="1.0" encoding="UTF-8"?>
<!-- Generated by org.testng.reporters.JUnitReportReporter -->
<testsuite hostname="DESKTOP-H21MM63" name="TestNGBrowserDemo" tests="1" failures="0" timestamp="29 Mar 2021 13:56:39 GMT" time="16.182" errors="0">
  <testcase name="invoke" time="16.182" classname="TestNGBrowserDemo"/>
</testsuite> <!-- TestNGBrowserDemo -->
